c:\computergraphics\projects\project11\project11c\project11c\x64\release\vc142.pdb
c:\computergraphics\projects\project11\project11c\project11c\x64\release\main.obj
c:\computergraphics\projects\project11\project11c\project11c\x64\release\f18_hornet_pieces.obj
c:\computergraphics\projects\project11\project11c\project11c\x64\release\f18_hornet.obj
c:\computergraphics\projects\project11\project11c\project11c\x64\release\cgsphere.obj
c:\computergraphics\projects\project11\project11c\project11c\x64\release\cgskybox.obj
c:\computergraphics\projects\project11\project11c\project11c\x64\release\cgshaderprogram.obj
c:\computergraphics\projects\project11\project11c\project11c\x64\release\cgscene.obj
c:\computergraphics\projects\project11\project11c\project11c\x64\release\cgpiece.obj
c:\computergraphics\projects\project11\project11c\project11c\x64\release\cgobject.obj
c:\computergraphics\projects\project11\project11c\project11c\x64\release\cgmodel.obj
c:\computergraphics\projects\project11\project11c\project11c\x64\release\cgmaterial.obj
c:\computergraphics\projects\project11\project11c\project11c\x64\release\cglight.obj
c:\computergraphics\projects\project11\project11c\project11c\x64\release\cgground.obj
c:\computergraphics\projects\project11\project11c\project11c\x64\release\cgfigure.obj
c:\computergraphics\projects\project11\project11c\project11c\x64\release\cgcube.obj
c:\computergraphics\projects\project11\project11c\project11c\x64\release\cgcamera.obj
c:\computergraphics\projects\project11\project11c\project11c\x64\release\cgapplication.obj
c:\computergraphics\projects\project11\project11c\project11c\x64\release\cgslotcar_pieces.obj
c:\computergraphics\projects\project11\project11c\project11c\x64\release\cgslotcar.obj
c:\computergraphics\projects\project11\project11c\project11c\x64\release\cgporteria.obj
c:\computergraphics\projects\project11\project11c\x64\release\project11c.exe
c:\computergraphics\projects\project11\project11c\project11c\x64\release\project11c.ipdb
c:\computergraphics\projects\project11\project11c\project11c\x64\release\project11c.iobj
c:\computergraphics\projects\project11\project11c\x64\release\project11c.pdb
c:\computergraphics\projects\project11\project11c\project11c\x64\release\project11c.res
c:\computergraphics\projects\project11\project11c\project11c\x64\release\project11c.tlog\cl.command.1.tlog
c:\computergraphics\projects\project11\project11c\project11c\x64\release\project11c.tlog\cl.read.1.tlog
c:\computergraphics\projects\project11\project11c\project11c\x64\release\project11c.tlog\cl.write.1.tlog
c:\computergraphics\projects\project11\project11c\project11c\x64\release\project11c.tlog\link.command.1.tlog
c:\computergraphics\projects\project11\project11c\project11c\x64\release\project11c.tlog\link.read.1.tlog
c:\computergraphics\projects\project11\project11c\project11c\x64\release\project11c.tlog\link.write.1.tlog
c:\computergraphics\projects\project11\project11c\project11c\x64\release\project11c.tlog\rc.command.1.tlog
c:\computergraphics\projects\project11\project11c\project11c\x64\release\project11c.tlog\rc.read.1.tlog
c:\computergraphics\projects\project11\project11c\project11c\x64\release\project11c.tlog\rc.write.1.tlog
