  CGApplication.cpp
  CGCamera.cpp
  CGFigure.cpp
C:\ComputerGraphics\Projects\Project11\Project11c\Project11c\CGFigure.cpp(269,20): warning C4244: '=': conversión de 'double' a 'GLfloat'; posible pérdida de datos
  CGGround.cpp
C:\ComputerGraphics\Projects\Project11\Project11c\Project11c\CGGround.cpp(42,23): warning C4018: '<': no coinciden signed/unsigned
C:\ComputerGraphics\Projects\Project11\Project11c\Project11c\CGGround.cpp(45,23): warning C4018: '<': no coinciden signed/unsigned
C:\ComputerGraphics\Projects\Project11\Project11c\Project11c\CGGround.cpp(48,23): warning C4018: '<': no coinciden signed/unsigned
C:\ComputerGraphics\Projects\Project11\Project11c\Project11c\CGGround.cpp(51,23): warning C4018: '<': no coinciden signed/unsigned
  CGLight.cpp
  CGMaterial.cpp
  CGModel.cpp
C:\ComputerGraphics\Projects\Project11\Project11c\Project11c\CGModel.cpp(163,43): warning C4305: 'argumento': truncamiento de 'double' a 'GLfloat'
C:\ComputerGraphics\Projects\Project11\Project11c\Project11c\CGModel.cpp(350,34): warning C4244: 'argumento': conversión de 'double' a 'GLfloat'; posible pérdida de datos
C:\ComputerGraphics\Projects\Project11\Project11c\Project11c\CGModel.cpp(457,14): warning C4244: 'inicializando': conversión de 'genType' a 'float'; posible pérdida de datos
          with
          [
              genType=double
          ]
  CGObject.cpp
  CGPiece.cpp
  CGPorteria.cpp
C:\ComputerGraphics\Projects\Project11\Project11c\Project11c\CGPorteria.cpp(98,23): warning C4018: '<': no coinciden signed/unsigned
C:\ComputerGraphics\Projects\Project11\Project11c\Project11c\CGPorteria.cpp(103,23): warning C4018: '<': no coinciden signed/unsigned
C:\ComputerGraphics\Projects\Project11\Project11c\Project11c\CGPorteria.cpp(108,23): warning C4018: '<': no coinciden signed/unsigned
C:\ComputerGraphics\Projects\Project11\Project11c\Project11c\CGPorteria.cpp(112,23): warning C4018: '<': no coinciden signed/unsigned
  CGScene.cpp
  CGShaderProgram.cpp
C:\ComputerGraphics\Projects\Project11\Project11c\Project11c\CGShaderProgram.cpp(187,50): warning C4267: 'inicializando': conversión de 'size_t' a 'int'; posible pérdida de datos
  CGSkybox.cpp
  CGSlotCar.cpp
C:\ComputerGraphics\Projects\Project11\Project11c\Project11c\CGSlotCar.cpp(31,17): warning C4154: eliminación de una expresión de matriz; suministrada una conversión a puntero
C:\ComputerGraphics\Projects\Project11\Project11c\Project11c\CGSlotCar.cpp(33,14): warning C4154: eliminación de una expresión de matriz; suministrada una conversión a puntero
  CGSlotCar_pieces.cpp
  CGSphere.cpp
C:\ComputerGraphics\Projects\Project11\Project11c\Project11c\CGSphere.cpp(29,45): warning C4244: '=': conversión de 'double' a 'GLfloat'; posible pérdida de datos
C:\ComputerGraphics\Projects\Project11\Project11c\Project11c\CGSphere.cpp(52,47): warning C4244: '=': conversión de 'double' a 'GLfloat'; posible pérdida de datos
C:\ComputerGraphics\Projects\Project11\Project11c\Project11c\CGSphere.cpp(68,45): warning C4244: '=': conversión de 'double' a 'GLfloat'; posible pérdida de datos
  main.cpp
  Generando código
  Previous IPDB not found, fall back to full compilation.
  All 212 functions were compiled because no usable IPDB/IOBJ from previous compilation was found.
  Generación de código finalizada
  Project11c.vcxproj -> C:\ComputerGraphics\Projects\Project11\Project11c\x64\Release\Project11c.exe
